Linux 5.10.0-21-cloud-amd64 (real-time-communication-vm) 	03/16/23 	_x86_64_	(2 CPU)

08:27:48      UID       PID    %usr %system  %guest   %wait    %CPU   CPU  Command
08:27:58     1000      1290    0.2%    0.0%    0.0%    0.0%    0.2%     0  node bin/app.js

08:27:48      UID       PID  minflt/s  majflt/s     VSZ     RSS   %MEM  Command
08:27:58     1000      1290      5.80      0.00  582.0M   47.2M   4.8%  node bin/app.js

08:27:58      UID       PID    %usr %system  %guest   %wait    %CPU   CPU  Command
08:28:08     1000      1290    0.3%    0.0%    0.0%    0.0%    0.3%     0  node bin/app.js

08:27:58      UID       PID  minflt/s  majflt/s     VSZ     RSS   %MEM  Command
08:28:08     1000      1290     13.70      0.00  582.0M   48.0M   4.9%  node bin/app.js

08:28:08      UID       PID    %usr %system  %guest   %wait    %CPU   CPU  Command
08:28:18     1000      1290    0.3%    0.0%    0.0%    0.1%    0.3%     0  node bin/app.js

08:28:08      UID       PID  minflt/s  majflt/s     VSZ     RSS   %MEM  Command
08:28:18     1000      1290     24.80      0.00  582.0M   48.6M   5.0%  node bin/app.js

08:28:18      UID       PID    %usr %system  %guest   %wait    %CPU   CPU  Command
08:28:28     1000      1290    0.3%    0.0%    0.0%    0.0%    0.3%     0  node bin/app.js

08:28:18      UID       PID  minflt/s  majflt/s     VSZ     RSS   %MEM  Command
08:28:28     1000      1290     29.80      0.00  582.5M   49.2M   5.0%  node bin/app.js

08:28:28      UID       PID    %usr %system  %guest   %wait    %CPU   CPU  Command
08:28:38     1000      1290    0.1%    0.1%    0.0%    0.0%    0.2%     0  node bin/app.js

08:28:28      UID       PID  minflt/s  majflt/s     VSZ     RSS   %MEM  Command
08:28:38     1000      1290     15.20      0.00  582.5M   49.2M   5.0%  node bin/app.js

08:28:38      UID       PID    %usr %system  %guest   %wait    %CPU   CPU  Command
08:28:48     1000      1290    0.3%    0.1%    0.0%    0.0%    0.4%     0  node bin/app.js

08:28:38      UID       PID  minflt/s  majflt/s     VSZ     RSS   %MEM  Command
08:28:48     1000      1290     30.30      0.00  582.8M   50.0M   5.1%  node bin/app.js

08:28:48      UID       PID    %usr %system  %guest   %wait    %CPU   CPU  Command
08:28:58     1000      1290    0.2%    0.0%    0.0%    0.1%    0.2%     1  node bin/app.js

08:28:48      UID       PID  minflt/s  majflt/s     VSZ     RSS   %MEM  Command
08:28:58     1000      1290     29.90      0.00  583.0M   50.5M   5.2%  node bin/app.js

08:28:58      UID       PID    %usr %system  %guest   %wait    %CPU   CPU  Command
08:29:08     1000      1290    0.2%    0.0%    0.0%    0.0%    0.2%     0  node bin/app.js

08:28:58      UID       PID  minflt/s  majflt/s     VSZ     RSS   %MEM  Command
08:29:08     1000      1290     23.50      0.00  583.3M   50.9M   5.2%  node bin/app.js

08:29:08      UID       PID    %usr %system  %guest   %wait    %CPU   CPU  Command
08:29:18     1000      1290    0.1%    0.0%    0.0%    0.0%    0.1%     1  node bin/app.js

08:29:08      UID       PID  minflt/s  majflt/s     VSZ     RSS   %MEM  Command
08:29:18     1000      1290     10.80      0.00  583.3M   50.9M   5.2%  node bin/app.js

08:29:18      UID       PID    %usr %system  %guest   %wait    %CPU   CPU  Command
08:29:28     1000      1290    0.3%    0.0%    0.0%    0.0%    0.3%     1  node bin/app.js

08:29:18      UID       PID  minflt/s  majflt/s     VSZ     RSS   %MEM  Command
08:29:28     1000      1290     22.70      0.00  583.3M   51.1M   5.2%  node bin/app.js

08:29:28      UID       PID    %usr %system  %guest   %wait    %CPU   CPU  Command
08:29:38     1000      1290    0.1%    0.1%    0.0%    0.0%    0.2%     1  node bin/app.js

08:29:28      UID       PID  minflt/s  majflt/s     VSZ     RSS   %MEM  Command
08:29:38     1000      1290     19.30      0.00  583.3M   51.3M   5.3%  node bin/app.js

08:29:38      UID       PID    %usr %system  %guest   %wait    %CPU   CPU  Command
08:29:48     1000      1290    0.3%    0.0%    0.0%    0.1%    0.3%     1  node bin/app.js

08:29:38      UID       PID  minflt/s  majflt/s     VSZ     RSS   %MEM  Command
08:29:48     1000      1290     33.40      0.00  583.5M   51.4M   5.3%  node bin/app.js

08:29:48      UID       PID    %usr %system  %guest   %wait    %CPU   CPU  Command
08:29:58     1000      1290    0.3%    0.0%    0.0%    0.0%    0.3%     1  node bin/app.js

08:29:48      UID       PID  minflt/s  majflt/s     VSZ     RSS   %MEM  Command
08:29:58     1000      1290     28.90      0.00  583.6M   51.4M   5.3%  node bin/app.js

08:29:58      UID       PID    %usr %system  %guest   %wait    %CPU   CPU  Command
08:30:08     1000      1290    0.2%    0.0%    0.0%    0.1%    0.2%     0  node bin/app.js

08:29:58      UID       PID  minflt/s  majflt/s     VSZ     RSS   %MEM  Command
08:30:08     1000      1290     12.50      0.00  583.8M   51.5M   5.3%  node bin/app.js

08:30:08      UID       PID    %usr %system  %guest   %wait    %CPU   CPU  Command
08:30:18     1000      1290    0.3%    0.1%    0.0%    0.0%    0.4%     1  node bin/app.js

08:30:08      UID       PID  minflt/s  majflt/s     VSZ     RSS   %MEM  Command
08:30:18     1000      1290     43.20      0.00  583.8M   51.8M   5.3%  node bin/app.js

08:30:18      UID       PID    %usr %system  %guest   %wait    %CPU   CPU  Command
08:30:28     1000      1290    0.4%    0.0%    0.0%    0.0%    0.4%     1  node bin/app.js

08:30:18      UID       PID  minflt/s  majflt/s     VSZ     RSS   %MEM  Command
08:30:28     1000      1290     63.40      0.00  583.6M   51.5M   5.3%  node bin/app.js

08:30:28      UID       PID    %usr %system  %guest   %wait    %CPU   CPU  Command
08:30:38     1000      1290    0.3%    0.1%    0.0%    0.0%    0.4%     1  node bin/app.js

08:30:28      UID       PID  minflt/s  majflt/s     VSZ     RSS   %MEM  Command
08:30:38     1000      1290     54.10      0.00  583.8M   52.2M   5.3%  node bin/app.js

08:30:38      UID       PID    %usr %system  %guest   %wait    %CPU   CPU  Command
08:30:48     1000      1290    0.2%    0.0%    0.0%    0.0%    0.2%     1  node bin/app.js

08:30:38      UID       PID  minflt/s  majflt/s     VSZ     RSS   %MEM  Command
08:30:48     1000      1290     20.40      0.00  584.3M   52.4M   5.4%  node bin/app.js

08:30:48      UID       PID    %usr %system  %guest   %wait    %CPU   CPU  Command
08:30:58     1000      1290    0.1%    0.0%    0.0%    0.1%    0.1%     0  node bin/app.js

08:30:48      UID       PID  minflt/s  majflt/s     VSZ     RSS   %MEM  Command
08:30:58     1000      1290      9.70      0.00  584.3M   52.4M   5.4%  node bin/app.js

08:30:58      UID       PID    %usr %system  %guest   %wait    %CPU   CPU  Command
08:31:08     1000      1290    0.1%    0.1%    0.0%    0.0%    0.2%     1  node bin/app.js

08:30:58      UID       PID  minflt/s  majflt/s     VSZ     RSS   %MEM  Command
08:31:08     1000      1290     20.30      0.00  584.5M   52.6M   5.4%  node bin/app.js

08:31:08      UID       PID    %usr %system  %guest   %wait    %CPU   CPU  Command
08:31:18     1000      1290    0.2%    0.0%    0.0%    0.0%    0.2%     0  node bin/app.js

08:31:08      UID       PID  minflt/s  majflt/s     VSZ     RSS   %MEM  Command
08:31:18     1000      1290      9.90      0.00  584.5M   52.6M   5.4%  node bin/app.js

08:31:18      UID       PID    %usr %system  %guest   %wait    %CPU   CPU  Command
08:31:28     1000      1290    0.2%    0.0%    0.0%    0.0%    0.2%     0  node bin/app.js

08:31:18      UID       PID  minflt/s  majflt/s     VSZ     RSS   %MEM  Command
08:31:28     1000      1290     21.50      0.00  584.8M   53.1M   5.4%  node bin/app.js

08:31:28      UID       PID    %usr %system  %guest   %wait    %CPU   CPU  Command
08:31:38     1000      1290    0.1%    0.0%    0.0%    0.0%    0.1%     1  node bin/app.js

08:31:28      UID       PID  minflt/s  majflt/s     VSZ     RSS   %MEM  Command
08:31:38     1000      1290     18.70      0.00  584.8M   53.2M   5.5%  node bin/app.js

08:31:38      UID       PID    %usr %system  %guest   %wait    %CPU   CPU  Command
08:31:48     1000      1290    0.0%    0.2%    0.0%    0.0%    0.2%     0  node bin/app.js

08:31:38      UID       PID  minflt/s  majflt/s     VSZ     RSS   %MEM  Command
08:31:48     1000      1290     12.10      0.00  584.7M   53.1M   5.4%  node bin/app.js

08:31:48      UID       PID    %usr %system  %guest   %wait    %CPU   CPU  Command
08:31:58     1000      1290    0.1%    0.1%    0.0%    0.0%    0.2%     0  node bin/app.js

08:31:48      UID       PID  minflt/s  majflt/s     VSZ     RSS   %MEM  Command
08:31:58     1000      1290     10.60      0.00  584.7M   53.2M   5.4%  node bin/app.js

08:31:58      UID       PID    %usr %system  %guest   %wait    %CPU   CPU  Command
08:32:08     1000      1290    0.1%    0.0%    0.0%    0.1%    0.1%     1  node bin/app.js

08:31:58      UID       PID  minflt/s  majflt/s     VSZ     RSS   %MEM  Command
08:32:08     1000      1290     20.30      0.00  584.9M   53.2M   5.5%  node bin/app.js

08:32:08      UID       PID    %usr %system  %guest   %wait    %CPU   CPU  Command
08:32:18     1000      1290    0.1%    0.1%    0.0%    0.0%    0.2%     0  node bin/app.js

08:32:08      UID       PID  minflt/s  majflt/s     VSZ     RSS   %MEM  Command
08:32:18     1000      1290     20.20      0.00  585.3M   53.3M   5.5%  node bin/app.js

08:32:18      UID       PID    %usr %system  %guest   %wait    %CPU   CPU  Command
08:32:28     1000      1290    0.2%    0.0%    0.0%    0.0%    0.2%     1  node bin/app.js

08:32:18      UID       PID  minflt/s  majflt/s     VSZ     RSS   %MEM  Command
08:32:28     1000      1290     11.60      0.00  585.3M   53.4M   5.5%  node bin/app.js

08:32:28      UID       PID    %usr %system  %guest   %wait    %CPU   CPU  Command
08:32:38     1000      1290    0.1%    0.0%    0.0%    0.0%    0.1%     0  node bin/app.js

08:32:28      UID       PID  minflt/s  majflt/s     VSZ     RSS   %MEM  Command
08:32:38     1000      1290     19.30      0.00  585.6M   53.5M   5.5%  node bin/app.js

08:32:38      UID       PID    %usr %system  %guest   %wait    %CPU   CPU  Command
08:32:48     1000      1290    0.2%    0.0%    0.0%    0.1%    0.2%     1  node bin/app.js

08:32:38      UID       PID  minflt/s  majflt/s     VSZ     RSS   %MEM  Command
08:32:48     1000      1290     12.80      0.00  585.6M   53.5M   5.5%  node bin/app.js

08:32:48      UID       PID    %usr %system  %guest   %wait    %CPU   CPU  Command
08:32:58     1000      1290    0.1%    0.0%    0.0%    0.0%    0.1%     1  node bin/app.js

08:32:48      UID       PID  minflt/s  majflt/s     VSZ     RSS   %MEM  Command
08:32:58     1000      1290     22.20      0.00  585.8M   53.7M   5.5%  node bin/app.js

08:32:58      UID       PID    %usr %system  %guest   %wait    %CPU   CPU  Command
08:33:08     1000      1290    0.0%    0.1%    0.0%    0.0%    0.1%     1  node bin/app.js

08:32:58      UID       PID  minflt/s  majflt/s     VSZ     RSS   %MEM  Command
08:33:08     1000      1290     14.00      0.00  585.8M   53.8M   5.5%  node bin/app.js

08:33:08      UID       PID    %usr %system  %guest   %wait    %CPU   CPU  Command
08:33:18     1000      1290    0.5%    0.1%    0.0%    0.1%    0.6%     1  node bin/app.js

08:33:08      UID       PID  minflt/s  majflt/s     VSZ     RSS   %MEM  Command
08:33:18     1000      1290    107.80      0.00  586.4M   54.6M   5.6%  node bin/app.js

08:33:18      UID       PID    %usr %system  %guest   %wait    %CPU   CPU  Command
08:33:28     1000      1290    0.4%    0.1%    0.0%    0.0%    0.5%     1  node bin/app.js

08:33:18      UID       PID  minflt/s  majflt/s     VSZ     RSS   %MEM  Command
08:33:28     1000      1290     64.30      0.00  586.9M   54.9M   5.6%  node bin/app.js

08:33:28      UID       PID    %usr %system  %guest   %wait    %CPU   CPU  Command
08:33:38     1000      1290    0.3%    0.1%    0.0%    0.0%    0.4%     1  node bin/app.js

08:33:28      UID       PID  minflt/s  majflt/s     VSZ     RSS   %MEM  Command
08:33:38     1000      1290     54.70      0.00  586.9M   55.5M   5.7%  node bin/app.js

08:33:38      UID       PID    %usr %system  %guest   %wait    %CPU   CPU  Command
08:33:48     1000      1290    0.4%    0.1%    0.0%    0.1%    0.5%     0  node bin/app.js

08:33:38      UID       PID  minflt/s  majflt/s     VSZ     RSS   %MEM  Command
08:33:48     1000      1290     57.70      0.00  587.2M   55.3M   5.7%  node bin/app.js

08:33:48      UID       PID    %usr %system  %guest   %wait    %CPU   CPU  Command
08:33:58     1000      1290    0.3%    0.1%    0.0%    0.0%    0.4%     0  node bin/app.js

08:33:48      UID       PID  minflt/s  majflt/s     VSZ     RSS   %MEM  Command
08:33:58     1000      1290     36.40      0.00  587.4M   55.4M   5.7%  node bin/app.js

08:33:58      UID       PID    %usr %system  %guest   %wait    %CPU   CPU  Command
08:34:08     1000      1290    0.3%    0.0%    0.0%    0.1%    0.3%     0  node bin/app.js

08:33:58      UID       PID  minflt/s  majflt/s     VSZ     RSS   %MEM  Command
08:34:08     1000      1290     57.40      0.00  587.9M   55.9M   5.7%  node bin/app.js

08:34:08      UID       PID    %usr %system  %guest   %wait    %CPU   CPU  Command
08:34:18     1000      1290    0.1%    0.0%    0.0%    0.0%    0.1%     0  node bin/app.js

08:34:08      UID       PID  minflt/s  majflt/s     VSZ     RSS   %MEM  Command
08:34:18     1000      1290     15.00      0.00  587.9M   55.9M   5.7%  node bin/app.js

08:34:18      UID       PID    %usr %system  %guest   %wait    %CPU   CPU  Command
08:34:28     1000      1290    0.2%    0.1%    0.0%    0.0%    0.3%     1  node bin/app.js

08:34:18      UID       PID  minflt/s  majflt/s     VSZ     RSS   %MEM  Command
08:34:28     1000      1290     25.30      0.00  587.9M   56.2M   5.8%  node bin/app.js

08:34:28      UID       PID    %usr %system  %guest   %wait    %CPU   CPU  Command
08:34:38     1000      1290    0.2%    0.0%    0.0%    0.0%    0.2%     1  node bin/app.js

08:34:28      UID       PID  minflt/s  majflt/s     VSZ     RSS   %MEM  Command
08:34:38     1000      1290     26.30      0.00  588.2M   56.4M   5.8%  node bin/app.js

08:34:38      UID       PID    %usr %system  %guest   %wait    %CPU   CPU  Command
08:34:48     1000      1290    0.1%    0.0%    0.0%    0.1%    0.1%     0  node bin/app.js

08:34:38      UID       PID  minflt/s  majflt/s     VSZ     RSS   %MEM  Command
08:34:48     1000      1290     27.30      0.00  588.4M   56.4M   5.8%  node bin/app.js

08:34:48      UID       PID    %usr %system  %guest   %wait    %CPU   CPU  Command
08:34:58     1000      1290    0.1%    0.1%    0.0%    0.0%    0.2%     1  node bin/app.js

08:34:48      UID       PID  minflt/s  majflt/s     VSZ     RSS   %MEM  Command
08:34:58     1000      1290     14.80      0.00  588.4M   56.5M   5.8%  node bin/app.js

08:34:58      UID       PID    %usr %system  %guest   %wait    %CPU   CPU  Command
08:35:08     1000      1290    0.3%    0.0%    0.0%    0.0%    0.3%     1  node bin/app.js

08:34:58      UID       PID  minflt/s  majflt/s     VSZ     RSS   %MEM  Command
08:35:08     1000      1290     34.00      0.00  588.4M   56.6M   5.8%  node bin/app.js

08:35:08      UID       PID    %usr %system  %guest   %wait    %CPU   CPU  Command
08:35:18     1000      1290    0.1%    0.1%    0.0%    0.1%    0.2%     1  node bin/app.js

08:35:08      UID       PID  minflt/s  majflt/s     VSZ     RSS   %MEM  Command
08:35:18     1000      1290     25.77      0.00  588.7M   56.8M   5.8%  node bin/app.js

08:35:18      UID       PID    %usr %system  %guest   %wait    %CPU   CPU  Command
08:35:28     1000      1290    0.3%    0.0%    0.0%    0.0%    0.3%     1  node bin/app.js

08:35:18      UID       PID  minflt/s  majflt/s     VSZ     RSS   %MEM  Command
08:35:28     1000      1290     25.00      0.00  588.9M   57.1M   5.9%  node bin/app.js

08:35:28      UID       PID    %usr %system  %guest   %wait    %CPU   CPU  Command
08:35:38     1000      1290    0.0%    0.1%    0.0%    0.0%    0.1%     1  node bin/app.js

08:35:28      UID       PID  minflt/s  majflt/s     VSZ     RSS   %MEM  Command
08:35:38     1000      1290     14.80      0.00  588.9M   57.1M   5.9%  node bin/app.js

08:35:38      UID       PID    %usr %system  %guest   %wait    %CPU   CPU  Command
08:35:48     1000      1290    0.2%    0.0%    0.0%    0.1%    0.2%     1  node bin/app.js

08:35:38      UID       PID  minflt/s  majflt/s     VSZ     RSS   %MEM  Command
08:35:48     1000      1290     24.90      0.00  589.2M   57.4M   5.9%  node bin/app.js

08:35:48      UID       PID    %usr %system  %guest   %wait    %CPU   CPU  Command
08:35:58     1000      1290    0.2%    0.1%    0.0%    0.0%    0.3%     0  node bin/app.js

08:35:48      UID       PID  minflt/s  majflt/s     VSZ     RSS   %MEM  Command
08:35:58     1000      1290     36.00      0.00  589.2M   57.3M   5.9%  node bin/app.js

08:35:58      UID       PID    %usr %system  %guest   %wait    %CPU   CPU  Command
08:36:08     1000      1290    0.1%    0.0%    0.0%    0.0%    0.1%     1  node bin/app.js

08:35:58      UID       PID  minflt/s  majflt/s     VSZ     RSS   %MEM  Command
08:36:08     1000      1290     24.20      0.00  589.4M   57.5M   5.9%  node bin/app.js

08:36:08      UID       PID    %usr %system  %guest   %wait    %CPU   CPU  Command
08:36:18     1000      1290    0.1%    0.1%    0.0%    0.0%    0.2%     1  node bin/app.js

08:36:08      UID       PID  minflt/s  majflt/s     VSZ     RSS   %MEM  Command
08:36:18     1000      1290     21.00      0.00  589.4M   57.6M   5.9%  node bin/app.js

08:36:18      UID       PID    %usr %system  %guest   %wait    %CPU   CPU  Command
08:36:28     1000      1290    0.1%    0.0%    0.0%    0.0%    0.1%     0  node bin/app.js

08:36:18      UID       PID  minflt/s  majflt/s     VSZ     RSS   %MEM  Command
08:36:28     1000      1290     18.90      0.00  589.4M   57.6M   5.9%  node bin/app.js

08:36:28      UID       PID    %usr %system  %guest   %wait    %CPU   CPU  Command
08:36:38     1000      1290    0.2%    0.0%    0.0%    0.1%    0.2%     0  node bin/app.js

08:36:28      UID       PID  minflt/s  majflt/s     VSZ     RSS   %MEM  Command
08:36:38     1000      1290     24.50      0.00  589.4M   57.7M   5.9%  node bin/app.js

08:36:38      UID       PID    %usr %system  %guest   %wait    %CPU   CPU  Command
08:36:48     1000      1290    0.2%    0.1%    0.0%    0.0%    0.3%     1  node bin/app.js

08:36:38      UID       PID  minflt/s  majflt/s     VSZ     RSS   %MEM  Command
08:36:48     1000      1290     24.90      0.00  589.4M   57.8M   5.9%  node bin/app.js

08:36:48      UID       PID    %usr %system  %guest   %wait    %CPU   CPU  Command
08:36:58     1000      1290    0.2%    0.0%    0.0%    0.0%    0.2%     1  node bin/app.js

08:36:48      UID       PID  minflt/s  majflt/s     VSZ     RSS   %MEM  Command
08:36:58     1000      1290     20.30      0.00  589.7M   58.0M   5.9%  node bin/app.js

08:36:58      UID       PID    %usr %system  %guest   %wait    %CPU   CPU  Command
08:37:08     1000      1290    0.1%    0.0%    0.0%    0.0%    0.1%     0  node bin/app.js

08:36:58      UID       PID  minflt/s  majflt/s     VSZ     RSS   %MEM  Command
08:37:08     1000      1290     14.90      0.00  589.7M   58.0M   5.9%  node bin/app.js

08:37:08      UID       PID    %usr %system  %guest   %wait    %CPU   CPU  Command
08:37:18     1000      1290    0.1%    0.1%    0.0%    0.0%    0.2%     1  node bin/app.js

08:37:08      UID       PID  minflt/s  majflt/s     VSZ     RSS   %MEM  Command
08:37:18     1000      1290     24.40      0.00  589.9M   58.1M   6.0%  node bin/app.js

08:37:18      UID       PID    %usr %system  %guest   %wait    %CPU   CPU  Command
08:37:28     1000      1290    0.1%    0.0%    0.0%    0.1%    0.1%     1  node bin/app.js

08:37:18      UID       PID  minflt/s  majflt/s     VSZ     RSS   %MEM  Command
08:37:28     1000      1290     21.00      0.00  590.2M   58.1M   6.0%  node bin/app.js

08:37:28      UID       PID    %usr %system  %guest   %wait    %CPU   CPU  Command
08:37:38     1000      1290    0.2%    0.0%    0.0%    0.0%    0.2%     0  node bin/app.js

08:37:28      UID       PID  minflt/s  majflt/s     VSZ     RSS   %MEM  Command
08:37:38     1000      1290     15.40      0.00  590.2M   58.2M   6.0%  node bin/app.js

08:37:38      UID       PID    %usr %system  %guest   %wait    %CPU   CPU  Command
08:37:48     1000      1290    0.4%    0.1%    0.0%    0.1%    0.5%     0  node bin/app.js

08:37:38      UID       PID  minflt/s  majflt/s     VSZ     RSS   %MEM  Command
08:37:48     1000      1290     48.40      0.00  590.0M   58.3M   6.0%  node bin/app.js

08:37:48      UID       PID    %usr %system  %guest   %wait    %CPU   CPU  Command
08:37:58     1000      1290    0.1%    0.0%    0.0%    0.0%    0.1%     1  node bin/app.js

08:37:48      UID       PID  minflt/s  majflt/s     VSZ     RSS   %MEM  Command
08:37:58     1000      1290     26.40      0.00  590.3M   58.5M   6.0%  node bin/app.js

08:37:58      UID       PID    %usr %system  %guest   %wait    %CPU   CPU  Command
08:38:08     1000      1290    0.2%    0.1%    0.0%    0.0%    0.3%     0  node bin/app.js

08:37:58      UID       PID  minflt/s  majflt/s     VSZ     RSS   %MEM  Command
08:38:08     1000      1290     37.30      0.00  590.6M   59.4M   6.1%  node bin/app.js

08:38:08      UID       PID    %usr %system  %guest   %wait    %CPU   CPU  Command
08:38:18     1000      1290    0.3%    0.1%    0.0%    0.1%    0.4%     0  node bin/app.js

08:38:08      UID       PID  minflt/s  majflt/s     VSZ     RSS   %MEM  Command
08:38:18     1000      1290     19.40      0.00  590.5M   58.3M   6.0%  node bin/app.js

08:38:18      UID       PID    %usr %system  %guest   %wait    %CPU   CPU  Command
08:38:28     1000      1290    0.1%    0.0%    0.0%    0.0%    0.1%     1  node bin/app.js

08:38:18      UID       PID  minflt/s  majflt/s     VSZ     RSS   %MEM  Command
08:38:28     1000      1290     16.70      0.00  590.5M   58.4M   6.0%  node bin/app.js

08:38:28      UID       PID    %usr %system  %guest   %wait    %CPU   CPU  Command
08:38:38     1000      1290    0.1%    0.0%    0.0%    0.1%    0.1%     1  node bin/app.js

08:38:28      UID       PID  minflt/s  majflt/s     VSZ     RSS   %MEM  Command
08:38:38     1000      1290     15.30      0.00  590.5M   58.4M   6.0%  node bin/app.js

08:38:38      UID       PID    %usr %system  %guest   %wait    %CPU   CPU  Command
08:38:48     1000      1290    0.1%    0.0%    0.0%    0.0%    0.1%     0  node bin/app.js

08:38:38      UID       PID  minflt/s  majflt/s     VSZ     RSS   %MEM  Command
08:38:48     1000      1290     13.60      0.00  590.5M   58.4M   6.0%  node bin/app.js

08:38:48      UID       PID    %usr %system  %guest   %wait    %CPU   CPU  Command
08:38:58     1000      1290    0.0%    0.1%    0.0%    0.0%    0.1%     0  node bin/app.js

08:38:48      UID       PID  minflt/s  majflt/s     VSZ     RSS   %MEM  Command
08:38:58     1000      1290     13.10      0.00  590.5M   58.4M   6.0%  node bin/app.js

08:38:58      UID       PID    %usr %system  %guest   %wait    %CPU   CPU  Command
08:39:08     1000      1290    0.1%    0.0%    0.0%    0.0%    0.1%     1  node bin/app.js

08:38:58      UID       PID  minflt/s  majflt/s     VSZ     RSS   %MEM  Command
08:39:08     1000      1290     11.90      0.00  590.5M   58.4M   6.0%  node bin/app.js

08:39:08      UID       PID    %usr %system  %guest   %wait    %CPU   CPU  Command
08:39:18     1000      1290    0.1%    0.0%    0.0%    0.0%    0.1%     0  node bin/app.js

08:39:08      UID       PID  minflt/s  majflt/s     VSZ     RSS   %MEM  Command
08:39:18     1000      1290     11.00      0.00  590.5M   58.4M   6.0%  node bin/app.js

08:39:18      UID       PID    %usr %system  %guest   %wait    %CPU   CPU  Command
08:39:28     1000      1290    0.0%    0.0%    0.0%    0.0%    0.0%     1  node bin/app.js

08:39:18      UID       PID  minflt/s  majflt/s     VSZ     RSS   %MEM  Command
08:39:28     1000      1290      6.80      0.00  590.5M   58.4M   6.0%  node bin/app.js

08:39:28      UID       PID    %usr %system  %guest   %wait    %CPU   CPU  Command
08:39:38     1000      1290    0.2%    0.1%    0.0%    0.1%    0.3%     1  node bin/app.js

08:39:28      UID       PID  minflt/s  majflt/s     VSZ     RSS   %MEM  Command
08:39:38     1000      1290     15.80      0.00  590.7M   58.6M   6.0%  node bin/app.js

08:39:38      UID       PID    %usr %system  %guest   %wait    %CPU   CPU  Command
08:39:48     1000      1290    0.0%    0.0%    0.0%    0.0%    0.0%     1  node bin/app.js

08:39:38      UID       PID  minflt/s  majflt/s     VSZ     RSS   %MEM  Command
08:39:48     1000      1290      6.30      0.00  590.7M   58.7M   6.0%  node bin/app.js

08:39:48      UID       PID    %usr %system  %guest   %wait    %CPU   CPU  Command
08:39:58     1000      1290    0.0%    0.1%    0.0%    0.0%    0.1%     0  node bin/app.js

08:39:48      UID       PID  minflt/s  majflt/s     VSZ     RSS   %MEM  Command
08:39:58     1000      1290      7.70      0.00  590.7M   58.9M   6.0%  node bin/app.js

08:39:58      UID       PID    %usr %system  %guest   %wait    %CPU   CPU  Command
08:40:08     1000      1290    0.0%    0.0%    0.0%    0.0%    0.0%     0  node bin/app.js

08:39:58      UID       PID  minflt/s  majflt/s     VSZ     RSS   %MEM  Command
08:40:08     1000      1290      5.40      0.00  590.7M   58.9M   6.0%  node bin/app.js

08:40:08      UID       PID    %usr %system  %guest   %wait    %CPU   CPU  Command
08:40:18     1000      1290    0.1%    0.0%    0.0%    0.0%    0.1%     0  node bin/app.js

08:40:08      UID       PID  minflt/s  majflt/s     VSZ     RSS   %MEM  Command
08:40:18     1000      1290      5.10      0.00  590.7M   58.9M   6.0%  node bin/app.js

08:40:18      UID       PID    %usr %system  %guest   %wait    %CPU   CPU  Command
08:40:28     1000      1290    0.0%    0.0%    0.0%    0.0%    0.0%     1  node bin/app.js

08:40:18      UID       PID  minflt/s  majflt/s     VSZ     RSS   %MEM  Command
08:40:28     1000      1290      5.10      0.00  590.7M   58.9M   6.0%  node bin/app.js

08:40:28      UID       PID    %usr %system  %guest   %wait    %CPU   CPU  Command
08:40:38     1000      1290    0.0%    0.0%    0.0%    0.0%    0.0%     1  node bin/app.js

08:40:28      UID       PID  minflt/s  majflt/s     VSZ     RSS   %MEM  Command
08:40:38     1000      1290      5.20      0.00  590.7M   58.9M   6.0%  node bin/app.js

08:40:38      UID       PID    %usr %system  %guest   %wait    %CPU   CPU  Command
08:40:48     1000      1290    0.1%    0.0%    0.0%    0.0%    0.1%     1  node bin/app.js

08:40:38      UID       PID  minflt/s  majflt/s     VSZ     RSS   %MEM  Command
08:40:48     1000      1290      4.40      0.00  590.7M   58.9M   6.0%  node bin/app.js

08:40:48      UID       PID    %usr %system  %guest   %wait    %CPU   CPU  Command
08:40:58     1000      1290    0.0%    0.1%    0.0%    0.0%    0.1%     1  node bin/app.js

08:40:48      UID       PID  minflt/s  majflt/s     VSZ     RSS   %MEM  Command
08:40:58     1000      1290      4.10      0.00  590.7M   58.9M   6.0%  node bin/app.js

08:40:58      UID       PID    %usr %system  %guest   %wait    %CPU   CPU  Command
08:41:08     1000      1290    0.0%    0.0%    0.0%    0.0%    0.0%     1  node bin/app.js

08:40:58      UID       PID  minflt/s  majflt/s     VSZ     RSS   %MEM  Command
08:41:08     1000      1290      4.20      0.00  590.7M   58.9M   6.0%  node bin/app.js

08:41:08      UID       PID    %usr %system  %guest   %wait    %CPU   CPU  Command
08:41:18     1000      1290    0.0%    0.1%    0.0%    0.0%    0.1%     1  node bin/app.js

08:41:08      UID       PID  minflt/s  majflt/s     VSZ     RSS   %MEM  Command
08:41:18     1000      1290      3.60      0.00  590.7M   58.9M   6.0%  node bin/app.js

08:41:18      UID       PID    %usr %system  %guest   %wait    %CPU   CPU  Command
08:41:28     1000      1290    0.1%    0.0%    0.0%    0.0%    0.1%     1  node bin/app.js

08:41:18      UID       PID  minflt/s  majflt/s     VSZ     RSS   %MEM  Command
08:41:28     1000      1290      3.60      0.00  590.7M   58.9M   6.0%  node bin/app.js

08:41:28      UID       PID    %usr %system  %guest   %wait    %CPU   CPU  Command
08:41:38     1000      1290    0.0%    0.0%    0.0%    0.0%    0.0%     1  node bin/app.js

08:41:28      UID       PID  minflt/s  majflt/s     VSZ     RSS   %MEM  Command
08:41:38     1000      1290      3.00      0.00  590.7M   58.9M   6.0%  node bin/app.js

08:41:38      UID       PID    %usr %system  %guest   %wait    %CPU   CPU  Command
08:41:48     1000      1290    0.1%    0.0%    0.0%    0.0%    0.1%     1  node bin/app.js

08:41:38      UID       PID  minflt/s  majflt/s     VSZ     RSS   %MEM  Command
08:41:48     1000      1290      4.60      0.00  590.7M   58.9M   6.0%  node bin/app.js

08:41:48      UID       PID    %usr %system  %guest   %wait    %CPU   CPU  Command
08:41:58     1000      1290    0.0%    0.0%    0.0%    0.1%    0.0%     0  node bin/app.js

08:41:48      UID       PID  minflt/s  majflt/s     VSZ     RSS   %MEM  Command
08:41:58     1000      1290      2.50      0.00  590.7M   58.9M   6.0%  node bin/app.js

08:41:58      UID       PID    %usr %system  %guest   %wait    %CPU   CPU  Command
08:42:08     1000      1290    0.0%    0.0%    0.0%    0.0%    0.0%     1  node bin/app.js

08:41:58      UID       PID  minflt/s  majflt/s     VSZ     RSS   %MEM  Command
08:42:08     1000      1290      2.10      0.00  590.7M   58.9M   6.0%  node bin/app.js

08:42:08      UID       PID    %usr %system  %guest   %wait    %CPU   CPU  Command
08:42:18     1000      1290    0.0%    0.0%    0.0%    0.0%    0.0%     1  node bin/app.js

08:42:08      UID       PID  minflt/s  majflt/s     VSZ     RSS   %MEM  Command
08:42:18     1000      1290      1.90      0.00  590.7M   58.9M   6.0%  node bin/app.js

08:42:18      UID       PID    %usr %system  %guest   %wait    %CPU   CPU  Command
08:42:28     1000      1290    0.0%    0.0%    0.0%    0.0%    0.0%     1  node bin/app.js

08:42:18      UID       PID  minflt/s  majflt/s     VSZ     RSS   %MEM  Command
08:42:28     1000      1290      1.80      0.00  590.7M   58.9M   6.0%  node bin/app.js

08:42:28      UID       PID    %usr %system  %guest   %wait    %CPU   CPU  Command
08:42:38     1000      1290    0.1%    0.0%    0.0%    0.0%    0.1%     1  node bin/app.js

08:42:28      UID       PID  minflt/s  majflt/s     VSZ     RSS   %MEM  Command
08:42:38     1000      1290      1.50      0.00  590.7M   58.9M   6.0%  node bin/app.js

08:42:38      UID       PID    %usr %system  %guest   %wait    %CPU   CPU  Command
08:42:48     1000      1290    0.0%    0.0%    0.0%    0.0%    0.0%     1  node bin/app.js

08:42:38      UID       PID  minflt/s  majflt/s     VSZ     RSS   %MEM  Command
08:42:48     1000      1290      1.30      0.00  590.7M   58.9M   6.0%  node bin/app.js

08:42:48      UID       PID    %usr %system  %guest   %wait    %CPU   CPU  Command
08:42:58     1000      1290    0.0%    0.0%    0.0%    0.0%    0.0%     0  node bin/app.js

08:42:48      UID       PID  minflt/s  majflt/s     VSZ     RSS   %MEM  Command
08:42:58     1000      1290      0.90      0.00  590.7M   58.9M   6.0%  node bin/app.js

08:42:58      UID       PID    %usr %system  %guest   %wait    %CPU   CPU  Command
08:43:08     1000      1290    0.0%    0.0%    0.0%    0.0%    0.0%     0  node bin/app.js

08:42:58      UID       PID  minflt/s  majflt/s     VSZ     RSS   %MEM  Command
08:43:08     1000      1290      0.70      0.00  590.7M   58.9M   6.0%  node bin/app.js

08:43:08      UID       PID    %usr %system  %guest   %wait    %CPU   CPU  Command
08:43:18     1000      1290    0.0%    0.0%    0.0%    0.0%    0.0%     0  node bin/app.js

08:43:08      UID       PID  minflt/s  majflt/s     VSZ     RSS   %MEM  Command
08:43:18     1000      1290      0.10      0.00  590.7M   58.9M   6.0%  node bin/app.js

08:43:18      UID       PID    %usr %system  %guest   %wait    %CPU   CPU  Command
08:43:28     1000      1290    0.0%    0.0%    0.0%    0.0%    0.0%     0  node bin/app.js

08:43:18      UID       PID  minflt/s  majflt/s     VSZ     RSS   %MEM  Command
08:43:28     1000      1290      0.10      0.00  590.7M   58.9M   6.0%  node bin/app.js

08:43:28      UID       PID    %usr %system  %guest   %wait    %CPU   CPU  Command
08:43:38     1000      1290    0.0%    0.0%    0.0%    0.0%    0.0%     0  node bin/app.js

08:43:28      UID       PID  minflt/s  majflt/s     VSZ     RSS   %MEM  Command
08:43:38     1000      1290      0.10      0.00  590.7M   58.9M   6.0%  node bin/app.js

08:43:38      UID       PID    %usr %system  %guest   %wait    %CPU   CPU  Command
08:43:48     1000      1290    0.1%    0.0%    0.0%    0.0%    0.1%     0  node bin/app.js

08:43:38      UID       PID  minflt/s  majflt/s     VSZ     RSS   %MEM  Command
08:43:48     1000      1290      0.00      0.00  590.7M   58.9M   6.0%  node bin/app.js

08:43:48      UID       PID    %usr %system  %guest   %wait    %CPU   CPU  Command
08:43:58     1000      1290    0.0%    0.0%    0.0%    0.0%    0.0%     0  node bin/app.js

08:43:48      UID       PID  minflt/s  majflt/s     VSZ     RSS   %MEM  Command
08:43:58     1000      1290      0.10      0.00  590.7M   58.9M   6.0%  node bin/app.js

08:43:58      UID       PID    %usr %system  %guest   %wait    %CPU   CPU  Command
08:44:08     1000      1290    0.0%    0.0%    0.0%    0.0%    0.0%     0  node bin/app.js

08:43:58      UID       PID  minflt/s  majflt/s     VSZ     RSS   %MEM  Command
08:44:08     1000      1290      0.10      0.00  590.7M   58.9M   6.0%  node bin/app.js

08:44:08      UID       PID    %usr %system  %guest   %wait    %CPU   CPU  Command
08:44:18     1000      1290    0.0%    0.0%    0.0%    0.0%    0.0%     0  node bin/app.js

08:44:08      UID       PID  minflt/s  majflt/s     VSZ     RSS   %MEM  Command
08:44:18     1000      1290      0.20      0.00  590.7M   58.9M   6.0%  node bin/app.js

08:44:18      UID       PID    %usr %system  %guest   %wait    %CPU   CPU  Command
08:44:28     1000      1290    0.0%    0.0%    0.0%    0.0%    0.0%     0  node bin/app.js

08:44:18      UID       PID  minflt/s  majflt/s     VSZ     RSS   %MEM  Command
08:44:28     1000      1290      0.10      0.00  590.7M   58.9M   6.0%  node bin/app.js

08:44:28      UID       PID    %usr %system  %guest   %wait    %CPU   CPU  Command
08:44:38     1000      1290    0.0%    0.0%    0.0%    0.0%    0.0%     0  node bin/app.js

08:44:28      UID       PID  minflt/s  majflt/s     VSZ     RSS   %MEM  Command
08:44:38     1000      1290      0.10      0.00  590.7M   58.9M   6.0%  node bin/app.js

08:44:38      UID       PID    %usr %system  %guest   %wait    %CPU   CPU  Command
08:44:48     1000      1290    0.0%    0.0%    0.0%    0.0%    0.0%     0  node bin/app.js

08:44:38      UID       PID  minflt/s  majflt/s     VSZ     RSS   %MEM  Command
08:44:48     1000      1290      0.10      0.00  590.7M   58.9M   6.0%  node bin/app.js

08:44:48      UID       PID    %usr %system  %guest   %wait    %CPU   CPU  Command
08:44:58     1000      1290    0.0%    0.0%    0.0%    0.0%    0.0%     0  node bin/app.js

08:44:48      UID       PID  minflt/s  majflt/s     VSZ     RSS   %MEM  Command
08:44:58     1000      1290      0.10      0.00  590.7M   58.9M   6.0%  node bin/app.js

08:44:58      UID       PID    %usr %system  %guest   %wait    %CPU   CPU  Command
08:45:08     1000      1290    0.0%    0.0%    0.0%    0.0%    0.0%     0  node bin/app.js

08:44:58      UID       PID  minflt/s  majflt/s     VSZ     RSS   %MEM  Command
08:45:08     1000      1290      0.10      0.00  590.7M   58.9M   6.0%  node bin/app.js

08:45:08      UID       PID    %usr %system  %guest   %wait    %CPU   CPU  Command
08:45:18     1000      1290    0.0%    0.0%    0.0%    0.0%    0.0%     0  node bin/app.js

08:45:08      UID       PID  minflt/s  majflt/s     VSZ     RSS   %MEM  Command
08:45:18     1000      1290      0.10      0.00  590.7M   58.9M   6.0%  node bin/app.js

08:45:18      UID       PID    %usr %system  %guest   %wait    %CPU   CPU  Command
08:45:28     1000      1290    0.0%    0.0%    0.0%    0.0%    0.0%     0  node bin/app.js

08:45:18      UID       PID  minflt/s  majflt/s     VSZ     RSS   %MEM  Command
08:45:28     1000      1290      0.00      0.00  590.7M   58.9M   6.0%  node bin/app.js

08:45:28      UID       PID    %usr %system  %guest   %wait    %CPU   CPU  Command
08:45:38     1000      1290    0.0%    0.0%    0.0%    0.0%    0.0%     0  node bin/app.js

08:45:28      UID       PID  minflt/s  majflt/s     VSZ     RSS   %MEM  Command
08:45:38     1000      1290      0.10      0.00  590.7M   58.9M   6.0%  node bin/app.js

08:45:38      UID       PID    %usr %system  %guest   %wait    %CPU   CPU  Command
08:45:48     1000      1290    0.0%    0.0%    0.0%    0.0%    0.0%     0  node bin/app.js

08:45:38      UID       PID  minflt/s  majflt/s     VSZ     RSS   %MEM  Command
08:45:48     1000      1290      0.10      0.00  590.7M   58.9M   6.0%  node bin/app.js

08:45:48      UID       PID    %usr %system  %guest   %wait    %CPU   CPU  Command
08:45:58     1000      1290    0.0%    0.0%    0.0%    0.0%    0.0%     0  node bin/app.js

08:45:48      UID       PID  minflt/s  majflt/s     VSZ     RSS   %MEM  Command
08:45:58     1000      1290      0.10      0.00  590.7M   58.9M   6.0%  node bin/app.js

08:45:58      UID       PID    %usr %system  %guest   %wait    %CPU   CPU  Command
08:46:08     1000      1290    0.0%    0.0%    0.0%    0.0%    0.0%     0  node bin/app.js

08:45:58      UID       PID  minflt/s  majflt/s     VSZ     RSS   %MEM  Command
08:46:08     1000      1290      0.10      0.00  590.7M   58.9M   6.0%  node bin/app.js

08:46:08      UID       PID    %usr %system  %guest   %wait    %CPU   CPU  Command
08:46:18     1000      1290    0.0%    0.0%    0.0%    0.0%    0.0%     0  node bin/app.js

08:46:08      UID       PID  minflt/s  majflt/s     VSZ     RSS   %MEM  Command
08:46:18     1000      1290      0.10      0.00  590.7M   58.9M   6.0%  node bin/app.js

08:46:18      UID       PID    %usr %system  %guest   %wait    %CPU   CPU  Command
08:46:28     1000      1290    0.0%    0.0%    0.0%    0.0%    0.0%     0  node bin/app.js

08:46:18      UID       PID  minflt/s  majflt/s     VSZ     RSS   %MEM  Command
08:46:28     1000      1290      0.10      0.00  590.7M   58.9M   6.0%  node bin/app.js

08:46:28      UID       PID    %usr %system  %guest   %wait    %CPU   CPU  Command
08:46:38     1000      1290    0.0%    0.0%    0.0%    0.0%    0.0%     0  node bin/app.js

08:46:28      UID       PID  minflt/s  majflt/s     VSZ     RSS   %MEM  Command
08:46:38     1000      1290      0.10      0.00  590.7M   58.9M   6.0%  node bin/app.js

08:46:38      UID       PID    %usr %system  %guest   %wait    %CPU   CPU  Command
08:46:48     1000      1290    0.0%    0.0%    0.0%    0.0%    0.0%     0  node bin/app.js

08:46:38      UID       PID  minflt/s  majflt/s     VSZ     RSS   %MEM  Command
08:46:48     1000      1290      0.10      0.00  590.7M   58.9M   6.0%  node bin/app.js

08:46:48      UID       PID    %usr %system  %guest   %wait    %CPU   CPU  Command
08:46:58     1000      1290    0.0%    0.0%    0.0%    0.0%    0.0%     0  node bin/app.js

08:46:48      UID       PID  minflt/s  majflt/s     VSZ     RSS   %MEM  Command
08:46:58     1000      1290      0.10      0.00  590.7M   58.9M   6.0%  node bin/app.js

08:46:58      UID       PID    %usr %system  %guest   %wait    %CPU   CPU  Command
08:47:08     1000      1290    0.0%    0.0%    0.0%    0.0%    0.0%     0  node bin/app.js

08:46:58      UID       PID  minflt/s  majflt/s     VSZ     RSS   %MEM  Command
08:47:08     1000      1290      0.00      0.00  590.7M   58.9M   6.0%  node bin/app.js

08:47:08      UID       PID    %usr %system  %guest   %wait    %CPU   CPU  Command
08:47:18     1000      1290    0.0%    0.0%    0.0%    0.0%    0.0%     0  node bin/app.js

08:47:08      UID       PID  minflt/s  majflt/s     VSZ     RSS   %MEM  Command
08:47:18     1000      1290      0.10      0.00  590.7M   58.9M   6.0%  node bin/app.js

08:47:18      UID       PID    %usr %system  %guest   %wait    %CPU   CPU  Command
08:47:28     1000      1290    0.0%    0.0%    0.0%    0.0%    0.0%     0  node bin/app.js

08:47:18      UID       PID  minflt/s  majflt/s     VSZ     RSS   %MEM  Command
08:47:28     1000      1290      0.20      0.00  590.7M   58.9M   6.0%  node bin/app.js

08:47:28      UID       PID    %usr %system  %guest   %wait    %CPU   CPU  Command
08:47:38     1000      1290    0.0%    0.0%    0.0%    0.0%    0.0%     0  node bin/app.js

08:47:28      UID       PID  minflt/s  majflt/s     VSZ     RSS   %MEM  Command
08:47:38     1000      1290      0.10      0.00  590.7M   58.9M   6.0%  node bin/app.js

08:47:38      UID       PID    %usr %system  %guest   %wait    %CPU   CPU  Command
08:47:48     1000      1290    0.0%    0.0%    0.0%    0.0%    0.0%     0  node bin/app.js

08:47:38      UID       PID  minflt/s  majflt/s     VSZ     RSS   %MEM  Command
08:47:48     1000      1290      0.10      0.00  590.7M   58.9M   6.0%  node bin/app.js

Average:      UID       PID    %usr %system  %guest   %wait    %CPU   CPU  Command
Average:     1000      1290    0.1%    0.0%    0.0%    0.0%    0.1%     -  node bin/app.js

Average:      UID       PID  minflt/s  majflt/s     VSZ     RSS   %MEM  Command
Average:     1000      1290     15.63      0.00  588.4M   56.5M   5.8%  node bin/app.js
