Linux 5.10.0-21-cloud-amd64 (real-time-communication-vm) 	03/16/23 	_x86_64_	(2 CPU)

07:12:53      UID       PID    %usr %system  %guest   %wait    %CPU   CPU  Command
07:13:03     1000       677    0.0%    0.0%    0.0%    0.0%    0.0%     1  node bin/app.js

07:12:53      UID       PID  minflt/s  majflt/s     VSZ     RSS   %MEM  Command
07:13:03     1000       677      0.20      0.00  576.4M   41.1M   4.2%  node bin/app.js

07:13:03      UID       PID    %usr %system  %guest   %wait    %CPU   CPU  Command
07:13:13     1000       677    0.0%    0.0%    0.0%    0.0%    0.0%     1  node bin/app.js

07:13:03      UID       PID  minflt/s  majflt/s     VSZ     RSS   %MEM  Command
07:13:13     1000       677      3.20      0.00  576.4M   41.1M   4.2%  node bin/app.js

07:13:13      UID       PID    %usr %system  %guest   %wait    %CPU   CPU  Command
07:13:23     1000       677    0.3%    0.0%    0.0%    0.0%    0.3%     0  node bin/app.js

07:13:13      UID       PID  minflt/s  majflt/s     VSZ     RSS   %MEM  Command
07:13:23     1000       677      8.40      0.00  576.4M   41.3M   4.2%  node bin/app.js

07:13:23      UID       PID    %usr %system  %guest   %wait    %CPU   CPU  Command
07:13:33     1000       677    0.2%    0.0%    0.0%    0.0%    0.2%     0  node bin/app.js

07:13:23      UID       PID  minflt/s  majflt/s     VSZ     RSS   %MEM  Command
07:13:33     1000       677      8.40      0.00  576.4M   41.4M   4.2%  node bin/app.js

07:13:33      UID       PID    %usr %system  %guest   %wait    %CPU   CPU  Command
07:13:43     1000       677    0.2%    0.0%    0.0%    0.0%    0.2%     1  node bin/app.js

07:13:33      UID       PID  minflt/s  majflt/s     VSZ     RSS   %MEM  Command
07:13:43     1000       677     14.20      0.00  576.4M   41.6M   4.3%  node bin/app.js

07:13:43      UID       PID    %usr %system  %guest   %wait    %CPU   CPU  Command
07:13:53     1000       677    0.2%    0.1%    0.0%    0.1%    0.3%     0  node bin/app.js

07:13:43      UID       PID  minflt/s  majflt/s     VSZ     RSS   %MEM  Command
07:13:53     1000       677      9.30      0.00  576.4M   41.8M   4.3%  node bin/app.js

07:13:53      UID       PID    %usr %system  %guest   %wait    %CPU   CPU  Command
07:14:03     1000       677    0.2%    0.0%    0.0%    0.0%    0.2%     1  node bin/app.js

07:13:53      UID       PID  minflt/s  majflt/s     VSZ     RSS   %MEM  Command
07:14:03     1000       677     19.20      0.00  576.9M   42.1M   4.3%  node bin/app.js

07:14:03      UID       PID    %usr %system  %guest   %wait    %CPU   CPU  Command
07:14:13     1000       677    0.2%    0.0%    0.0%    0.0%    0.2%     0  node bin/app.js

07:14:03      UID       PID  minflt/s  majflt/s     VSZ     RSS   %MEM  Command
07:14:13     1000       677     10.80      0.00  576.9M   42.1M   4.3%  node bin/app.js

07:14:13      UID       PID    %usr %system  %guest   %wait    %CPU   CPU  Command
07:14:23     1000       677    0.1%    0.1%    0.0%    0.0%    0.2%     1  node bin/app.js

07:14:13      UID       PID  minflt/s  majflt/s     VSZ     RSS   %MEM  Command
07:14:23     1000       677      7.00      0.00  576.9M   42.1M   4.3%  node bin/app.js

07:14:23      UID       PID    %usr %system  %guest   %wait    %CPU   CPU  Command
07:14:33     1000       677    0.1%    0.0%    0.0%    0.0%    0.1%     0  node bin/app.js

07:14:23      UID       PID  minflt/s  majflt/s     VSZ     RSS   %MEM  Command
07:14:33     1000       677     14.60      0.00  576.9M   42.1M   4.3%  node bin/app.js

07:14:33      UID       PID    %usr %system  %guest   %wait    %CPU   CPU  Command
07:14:43     1000       677    0.1%    0.0%    0.0%    0.0%    0.1%     1  node bin/app.js

07:14:33      UID       PID  minflt/s  majflt/s     VSZ     RSS   %MEM  Command
07:14:43     1000       677      7.70      0.00  576.9M   42.1M   4.3%  node bin/app.js

07:14:43      UID       PID    %usr %system  %guest   %wait    %CPU   CPU  Command
07:14:53     1000       677    0.1%    0.0%    0.0%    0.0%    0.1%     1  node bin/app.js

07:14:43      UID       PID  minflt/s  majflt/s     VSZ     RSS   %MEM  Command
07:14:53     1000       677     13.60      0.00  577.2M   42.2M   4.3%  node bin/app.js

07:14:53      UID       PID    %usr %system  %guest   %wait    %CPU   CPU  Command
07:15:03     1000       677    0.1%    0.0%    0.0%    0.0%    0.1%     1  node bin/app.js

07:14:53      UID       PID  minflt/s  majflt/s     VSZ     RSS   %MEM  Command
07:15:03     1000       677      8.30      0.00  577.2M   42.4M   4.3%  node bin/app.js

07:15:03      UID       PID    %usr %system  %guest   %wait    %CPU   CPU  Command
07:15:13     1000       677    0.2%    0.0%    0.0%    0.1%    0.2%     1  node bin/app.js

07:15:03      UID       PID  minflt/s  majflt/s     VSZ     RSS   %MEM  Command
07:15:13     1000       677      8.80      0.00  577.2M   42.7M   4.4%  node bin/app.js

07:15:13      UID       PID    %usr %system  %guest   %wait    %CPU   CPU  Command
07:15:23     1000       677    0.1%    0.0%    0.0%    0.0%    0.1%     1  node bin/app.js

07:15:13      UID       PID  minflt/s  majflt/s     VSZ     RSS   %MEM  Command
07:15:23     1000       677     13.70      0.00  577.2M   43.1M   4.4%  node bin/app.js

07:15:23      UID       PID    %usr %system  %guest   %wait    %CPU   CPU  Command
07:15:33     1000       677    0.3%    0.0%    0.0%    0.0%    0.3%     1  node bin/app.js

07:15:23      UID       PID  minflt/s  majflt/s     VSZ     RSS   %MEM  Command
07:15:33     1000       677     37.80      0.00  577.2M   43.2M   4.4%  node bin/app.js

07:15:33      UID       PID    %usr %system  %guest   %wait    %CPU   CPU  Command
07:15:43     1000       677    0.1%    0.0%    0.0%    0.0%    0.1%     1  node bin/app.js

07:15:33      UID       PID  minflt/s  majflt/s     VSZ     RSS   %MEM  Command
07:15:43     1000       677      8.80      0.00  577.2M   43.2M   4.4%  node bin/app.js

07:15:43      UID       PID    %usr %system  %guest   %wait    %CPU   CPU  Command
07:15:53     1000       677    0.3%    0.1%    0.0%    0.0%    0.4%     0  node bin/app.js

07:15:43      UID       PID  minflt/s  majflt/s     VSZ     RSS   %MEM  Command
07:15:53     1000       677     43.60      0.00  577.2M   43.8M   4.5%  node bin/app.js

07:15:53      UID       PID    %usr %system  %guest   %wait    %CPU   CPU  Command
07:16:03     1000       677    0.1%    0.0%    0.0%    0.1%    0.1%     0  node bin/app.js

07:15:53      UID       PID  minflt/s  majflt/s     VSZ     RSS   %MEM  Command
07:16:03     1000       677     16.10      0.00  577.2M   43.9M   4.5%  node bin/app.js

07:16:03      UID       PID    %usr %system  %guest   %wait    %CPU   CPU  Command
07:16:13     1000       677    0.5%    0.1%    0.0%    0.1%    0.6%     1  node bin/app.js

07:16:03      UID       PID  minflt/s  majflt/s     VSZ     RSS   %MEM  Command
07:16:13     1000       677     92.50      0.00  577.4M   43.9M   4.5%  node bin/app.js

07:16:13      UID       PID    %usr %system  %guest   %wait    %CPU   CPU  Command
07:16:23     1000       677    0.3%    0.0%    0.0%    0.0%    0.3%     0  node bin/app.js

07:16:13      UID       PID  minflt/s  majflt/s     VSZ     RSS   %MEM  Command
07:16:23     1000       677     52.80      0.00  577.4M   44.0M   4.5%  node bin/app.js

07:16:23      UID       PID    %usr %system  %guest   %wait    %CPU   CPU  Command
07:16:33     1000       677    0.1%    0.0%    0.0%    0.0%    0.1%     1  node bin/app.js

07:16:23      UID       PID  minflt/s  majflt/s     VSZ     RSS   %MEM  Command
07:16:33     1000       677      7.00      0.00  577.4M   44.0M   4.5%  node bin/app.js

07:16:33      UID       PID    %usr %system  %guest   %wait    %CPU   CPU  Command
07:16:43     1000       677    0.1%    0.0%    0.0%    0.0%    0.1%     0  node bin/app.js

07:16:33      UID       PID  minflt/s  majflt/s     VSZ     RSS   %MEM  Command
07:16:43     1000       677      7.00      0.00  577.4M   44.0M   4.5%  node bin/app.js

07:16:43      UID       PID    %usr %system  %guest   %wait    %CPU   CPU  Command
07:16:53     1000       677    0.2%    0.0%    0.0%    0.1%    0.2%     1  node bin/app.js

07:16:43      UID       PID  minflt/s  majflt/s     VSZ     RSS   %MEM  Command
07:16:53     1000       677     17.40      0.00  577.7M   44.0M   4.5%  node bin/app.js

07:16:53      UID       PID    %usr %system  %guest   %wait    %CPU   CPU  Command
07:17:03     1000       677    0.1%    0.0%    0.0%    0.0%    0.1%     1  node bin/app.js

07:16:53      UID       PID  minflt/s  majflt/s     VSZ     RSS   %MEM  Command
07:17:03     1000       677      7.20      0.00  577.7M   44.0M   4.5%  node bin/app.js

07:17:03      UID       PID    %usr %system  %guest   %wait    %CPU   CPU  Command
07:17:13     1000       677    0.1%    0.0%    0.0%    0.0%    0.1%     0  node bin/app.js

07:17:03      UID       PID  minflt/s  majflt/s     VSZ     RSS   %MEM  Command
07:17:13     1000       677     13.20      0.00  577.7M   43.9M   4.5%  node bin/app.js

07:17:13      UID       PID    %usr %system  %guest   %wait    %CPU   CPU  Command
07:17:23     1000       677    0.1%    0.1%    0.0%    0.1%    0.2%     1  node bin/app.js

07:17:13      UID       PID  minflt/s  majflt/s     VSZ     RSS   %MEM  Command
07:17:23     1000       677     12.60      0.00  577.7M   44.2M   4.5%  node bin/app.js

07:17:23      UID       PID    %usr %system  %guest   %wait    %CPU   CPU  Command
07:17:33     1000       677    0.1%    0.0%    0.0%    0.0%    0.1%     0  node bin/app.js

07:17:23      UID       PID  minflt/s  majflt/s     VSZ     RSS   %MEM  Command
07:17:33     1000       677      7.40      0.00  577.7M   44.2M   4.5%  node bin/app.js

07:17:33      UID       PID    %usr %system  %guest   %wait    %CPU   CPU  Command
07:17:43     1000       677    0.1%    0.0%    0.0%    0.0%    0.1%     0  node bin/app.js

07:17:33      UID       PID  minflt/s  majflt/s     VSZ     RSS   %MEM  Command
07:17:43     1000       677      7.70      0.00  577.7M   44.2M   4.5%  node bin/app.js

07:17:43      UID       PID    %usr %system  %guest   %wait    %CPU   CPU  Command
07:17:53     1000       677    0.1%    0.0%    0.0%    0.0%    0.1%     1  node bin/app.js

07:17:43      UID       PID  minflt/s  majflt/s     VSZ     RSS   %MEM  Command
07:17:53     1000       677     16.40      0.00  577.8M   44.3M   4.5%  node bin/app.js

07:17:53      UID       PID    %usr %system  %guest   %wait    %CPU   CPU  Command
07:18:03     1000       677    0.1%    0.1%    0.0%    0.0%    0.2%     0  node bin/app.js

07:17:53      UID       PID  minflt/s  majflt/s     VSZ     RSS   %MEM  Command
07:18:03     1000       677      8.30      0.00  577.7M   44.3M   4.5%  node bin/app.js

07:18:03      UID       PID    %usr %system  %guest   %wait    %CPU   CPU  Command
07:18:13     1000       677    0.1%    0.0%    0.0%    0.0%    0.1%     1  node bin/app.js

07:18:03      UID       PID  minflt/s  majflt/s     VSZ     RSS   %MEM  Command
07:18:13     1000       677      8.00      0.00  577.7M   44.3M   4.5%  node bin/app.js

07:18:13      UID       PID    %usr %system  %guest   %wait    %CPU   CPU  Command
07:18:23     1000       677    0.1%    0.0%    0.0%    0.0%    0.1%     1  node bin/app.js

07:18:13      UID       PID  minflt/s  majflt/s     VSZ     RSS   %MEM  Command
07:18:23     1000       677     13.80      0.00  577.7M   44.4M   4.5%  node bin/app.js

07:18:23      UID       PID    %usr %system  %guest   %wait    %CPU   CPU  Command
07:18:33     1000       677    0.2%    0.1%    0.0%    0.0%    0.3%     1  node bin/app.js

07:18:23      UID       PID  minflt/s  majflt/s     VSZ     RSS   %MEM  Command
07:18:33     1000       677     23.40      0.00  578.2M   45.1M   4.6%  node bin/app.js

07:18:33      UID       PID    %usr %system  %guest   %wait    %CPU   CPU  Command
07:18:43     1000       677    0.4%    0.0%    0.0%    0.1%    0.4%     0  node bin/app.js

07:18:33      UID       PID  minflt/s  majflt/s     VSZ     RSS   %MEM  Command
07:18:43     1000       677     30.47      0.00  578.4M   45.5M   4.7%  node bin/app.js

07:18:43      UID       PID    %usr %system  %guest   %wait    %CPU   CPU  Command
07:18:53     1000       677    0.2%    0.1%    0.0%    0.0%    0.3%     0  node bin/app.js

07:18:43      UID       PID  minflt/s  majflt/s     VSZ     RSS   %MEM  Command
07:18:53     1000       677     26.20      0.00  578.5M   45.6M   4.7%  node bin/app.js

07:18:53      UID       PID    %usr %system  %guest   %wait    %CPU   CPU  Command
07:19:03     1000       677    0.4%    0.0%    0.0%    0.0%    0.4%     0  node bin/app.js

07:18:53      UID       PID  minflt/s  majflt/s     VSZ     RSS   %MEM  Command
07:19:03     1000       677     48.10      0.00  578.7M   45.8M   4.7%  node bin/app.js

07:19:03      UID       PID    %usr %system  %guest   %wait    %CPU   CPU  Command
07:19:13     1000       677    0.3%    0.1%    0.0%    0.1%    0.4%     1  node bin/app.js

07:19:03      UID       PID  minflt/s  majflt/s     VSZ     RSS   %MEM  Command
07:19:13     1000       677     51.80      0.00  578.9M   46.0M   4.7%  node bin/app.js

07:19:13      UID       PID    %usr %system  %guest   %wait    %CPU   CPU  Command
07:19:23     1000       677    0.6%    0.0%    0.0%    0.1%    0.6%     1  node bin/app.js

07:19:13      UID       PID  minflt/s  majflt/s     VSZ     RSS   %MEM  Command
07:19:23     1000       677     58.30      0.00  579.0M   46.4M   4.8%  node bin/app.js

07:19:23      UID       PID    %usr %system  %guest   %wait    %CPU   CPU  Command
07:19:33     1000       677    0.2%    0.1%    0.0%    0.0%    0.3%     0  node bin/app.js

07:19:23      UID       PID  minflt/s  majflt/s     VSZ     RSS   %MEM  Command
07:19:33     1000       677     33.80      0.00  579.3M   46.6M   4.8%  node bin/app.js

07:19:33      UID       PID    %usr %system  %guest   %wait    %CPU   CPU  Command
07:19:43     1000       677    0.4%    0.1%    0.0%    0.1%    0.5%     1  node bin/app.js

07:19:33      UID       PID  minflt/s  majflt/s     VSZ     RSS   %MEM  Command
07:19:43     1000       677     57.30      0.00  579.3M   46.6M   4.8%  node bin/app.js

07:19:43      UID       PID    %usr %system  %guest   %wait    %CPU   CPU  Command
07:19:53     1000       677    0.3%    0.1%    0.0%    0.0%    0.4%     0  node bin/app.js

07:19:43      UID       PID  minflt/s  majflt/s     VSZ     RSS   %MEM  Command
07:19:53     1000       677     59.50      0.00  579.8M   47.1M   4.8%  node bin/app.js

07:19:53      UID       PID    %usr %system  %guest   %wait    %CPU   CPU  Command
07:20:03     1000       677    0.1%    0.1%    0.0%    0.0%    0.2%     1  node bin/app.js

07:19:53      UID       PID  minflt/s  majflt/s     VSZ     RSS   %MEM  Command
07:20:03     1000       677      9.00      0.00  579.8M   47.1M   4.8%  node bin/app.js

07:20:03      UID       PID    %usr %system  %guest   %wait    %CPU   CPU  Command
07:20:13     1000       677    0.1%    0.0%    0.0%    0.1%    0.1%     1  node bin/app.js

07:20:03      UID       PID  minflt/s  majflt/s     VSZ     RSS   %MEM  Command
07:20:13     1000       677     12.70      0.00  580.0M   47.1M   4.8%  node bin/app.js

07:20:13      UID       PID    %usr %system  %guest   %wait    %CPU   CPU  Command
07:20:23     1000       677    0.1%    0.1%    0.0%    0.0%    0.2%     0  node bin/app.js

07:20:13      UID       PID  minflt/s  majflt/s     VSZ     RSS   %MEM  Command
07:20:23     1000       677     13.10      0.00  580.0M   47.2M   4.8%  node bin/app.js

07:20:23      UID       PID    %usr %system  %guest   %wait    %CPU   CPU  Command
07:20:33     1000       677    0.1%    0.0%    0.0%    0.0%    0.1%     0  node bin/app.js

07:20:23      UID       PID  minflt/s  majflt/s     VSZ     RSS   %MEM  Command
07:20:33     1000       677      9.60      0.00  580.0M   47.0M   4.8%  node bin/app.js

07:20:33      UID       PID    %usr %system  %guest   %wait    %CPU   CPU  Command
07:20:43     1000       677    0.1%    0.0%    0.0%    0.0%    0.1%     1  node bin/app.js

07:20:33      UID       PID  minflt/s  majflt/s     VSZ     RSS   %MEM  Command
07:20:43     1000       677     14.30      0.00  580.0M   47.2M   4.8%  node bin/app.js

07:20:43      UID       PID    %usr %system  %guest   %wait    %CPU   CPU  Command
07:20:53     1000       677    0.0%    0.1%    0.0%    0.1%    0.1%     0  node bin/app.js

07:20:43      UID       PID  minflt/s  majflt/s     VSZ     RSS   %MEM  Command
07:20:53     1000       677      9.10      0.00  580.0M   47.2M   4.8%  node bin/app.js

07:20:53      UID       PID    %usr %system  %guest   %wait    %CPU   CPU  Command
07:21:03     1000       677    0.1%    0.0%    0.0%    0.0%    0.1%     0  node bin/app.js

07:20:53      UID       PID  minflt/s  majflt/s     VSZ     RSS   %MEM  Command
07:21:03     1000       677     15.80      0.00  580.0M   47.3M   4.8%  node bin/app.js

07:21:03      UID       PID    %usr %system  %guest   %wait    %CPU   CPU  Command
07:21:13     1000       677    0.1%    0.1%    0.0%    0.0%    0.2%     0  node bin/app.js

07:21:03      UID       PID  minflt/s  majflt/s     VSZ     RSS   %MEM  Command
07:21:13     1000       677     11.10      0.00  580.0M   47.3M   4.8%  node bin/app.js

07:21:13      UID       PID    %usr %system  %guest   %wait    %CPU   CPU  Command
07:21:23     1000       677    0.0%    0.1%    0.0%    0.0%    0.1%     0  node bin/app.js

07:21:13      UID       PID  minflt/s  majflt/s     VSZ     RSS   %MEM  Command
07:21:23     1000       677     13.10      0.00  580.0M   47.3M   4.8%  node bin/app.js

07:21:23      UID       PID    %usr %system  %guest   %wait    %CPU   CPU  Command
07:21:33     1000       677    0.2%    0.0%    0.0%    0.0%    0.2%     1  node bin/app.js

07:21:23      UID       PID  minflt/s  majflt/s     VSZ     RSS   %MEM  Command
07:21:33     1000       677     13.10      0.00  580.0M   47.3M   4.8%  node bin/app.js

07:21:33      UID       PID    %usr %system  %guest   %wait    %CPU   CPU  Command
07:21:43     1000       677    0.0%    0.1%    0.0%    0.0%    0.1%     1  node bin/app.js

07:21:33      UID       PID  minflt/s  majflt/s     VSZ     RSS   %MEM  Command
07:21:43     1000       677      9.70      0.00  580.0M   47.3M   4.8%  node bin/app.js

07:21:43      UID       PID    %usr %system  %guest   %wait    %CPU   CPU  Command
07:21:53     1000       677    0.1%    0.0%    0.0%    0.1%    0.1%     1  node bin/app.js

07:21:43      UID       PID  minflt/s  majflt/s     VSZ     RSS   %MEM  Command
07:21:53     1000       677     14.40      0.00  580.0M   47.4M   4.9%  node bin/app.js

07:21:53      UID       PID    %usr %system  %guest   %wait    %CPU   CPU  Command
07:22:03     1000       677    0.1%    0.1%    0.0%    0.0%    0.2%     0  node bin/app.js

07:21:53      UID       PID  minflt/s  majflt/s     VSZ     RSS   %MEM  Command
07:22:03     1000       677      9.20      0.00  580.0M   47.4M   4.9%  node bin/app.js

07:22:03      UID       PID    %usr %system  %guest   %wait    %CPU   CPU  Command
07:22:13     1000       677    0.1%    0.0%    0.0%    0.0%    0.1%     0  node bin/app.js

07:22:03      UID       PID  minflt/s  majflt/s     VSZ     RSS   %MEM  Command
07:22:13     1000       677     13.90      0.00  580.3M   47.4M   4.9%  node bin/app.js

07:22:13      UID       PID    %usr %system  %guest   %wait    %CPU   CPU  Command
07:22:23     1000       677    0.1%    0.0%    0.0%    0.0%    0.1%     0  node bin/app.js

07:22:13      UID       PID  minflt/s  majflt/s     VSZ     RSS   %MEM  Command
07:22:23     1000       677      9.70      0.00  580.3M   47.4M   4.9%  node bin/app.js

07:22:23      UID       PID    %usr %system  %guest   %wait    %CPU   CPU  Command
07:22:33     1000       677    0.0%    0.1%    0.0%    0.0%    0.1%     0  node bin/app.js

07:22:23      UID       PID  minflt/s  majflt/s     VSZ     RSS   %MEM  Command
07:22:33     1000       677      9.20      0.00  580.3M   47.5M   4.9%  node bin/app.js

07:22:33      UID       PID    %usr %system  %guest   %wait    %CPU   CPU  Command
07:22:43     1000       677    0.2%    0.0%    0.0%    0.0%    0.2%     1  node bin/app.js

07:22:33      UID       PID  minflt/s  majflt/s     VSZ     RSS   %MEM  Command
07:22:43     1000       677     14.30      0.00  580.3M   47.6M   4.9%  node bin/app.js

07:22:43      UID       PID    %usr %system  %guest   %wait    %CPU   CPU  Command
07:22:53     1000       677    0.0%    0.1%    0.0%    0.0%    0.1%     1  node bin/app.js

07:22:43      UID       PID  minflt/s  majflt/s     VSZ     RSS   %MEM  Command
07:22:53     1000       677      9.20      0.00  580.3M   47.6M   4.9%  node bin/app.js

07:22:53      UID       PID    %usr %system  %guest   %wait    %CPU   CPU  Command
07:23:03     1000       677    0.2%    0.0%    0.0%    0.1%    0.2%     1  node bin/app.js

07:22:53      UID       PID  minflt/s  majflt/s     VSZ     RSS   %MEM  Command
07:23:03     1000       677     13.70      0.00  580.3M   47.6M   4.9%  node bin/app.js

07:23:03      UID       PID    %usr %system  %guest   %wait    %CPU   CPU  Command
07:23:13     1000       677    0.1%    0.0%    0.0%    0.0%    0.1%     1  node bin/app.js

07:23:03      UID       PID  minflt/s  majflt/s     VSZ     RSS   %MEM  Command
07:23:13     1000       677     10.30      0.00  580.3M   47.6M   4.9%  node bin/app.js

07:23:13      UID       PID    %usr %system  %guest   %wait    %CPU   CPU  Command
07:23:23     1000       677    0.1%    0.0%    0.0%    0.0%    0.1%     0  node bin/app.js

07:23:13      UID       PID  minflt/s  majflt/s     VSZ     RSS   %MEM  Command
07:23:23     1000       677      6.80      0.00  580.3M   47.6M   4.9%  node bin/app.js

07:23:23      UID       PID    %usr %system  %guest   %wait    %CPU   CPU  Command
07:23:33     1000       677    0.0%    0.0%    0.0%    0.0%    0.0%     1  node bin/app.js

07:23:23      UID       PID  minflt/s  majflt/s     VSZ     RSS   %MEM  Command
07:23:33     1000       677     11.50      0.00  580.5M   47.6M   4.9%  node bin/app.js

07:23:33      UID       PID    %usr %system  %guest   %wait    %CPU   CPU  Command
07:23:43     1000       677    0.0%    0.0%    0.0%    0.0%    0.0%     0  node bin/app.js

07:23:33      UID       PID  minflt/s  majflt/s     VSZ     RSS   %MEM  Command
07:23:43     1000       677      7.90      0.00  580.5M   47.7M   4.9%  node bin/app.js

07:23:43      UID       PID    %usr %system  %guest   %wait    %CPU   CPU  Command
07:23:53     1000       677    0.1%    0.1%    0.0%    0.0%    0.2%     1  node bin/app.js

07:23:43      UID       PID  minflt/s  majflt/s     VSZ     RSS   %MEM  Command
07:23:53     1000       677      7.80      0.00  580.5M   47.7M   4.9%  node bin/app.js

07:23:53      UID       PID    %usr %system  %guest   %wait    %CPU   CPU  Command
07:24:03     1000       677    0.1%    0.0%    0.0%    0.0%    0.1%     0  node bin/app.js

07:23:53      UID       PID  minflt/s  majflt/s     VSZ     RSS   %MEM  Command
07:24:03     1000       677     11.40      0.00  580.5M   47.7M   4.9%  node bin/app.js

07:24:03      UID       PID    %usr %system  %guest   %wait    %CPU   CPU  Command
07:24:13     1000       677    0.0%    0.0%    0.0%    0.0%    0.0%     0  node bin/app.js

07:24:03      UID       PID  minflt/s  majflt/s     VSZ     RSS   %MEM  Command
07:24:13     1000       677      7.10      0.00  580.5M   47.7M   4.9%  node bin/app.js

07:24:13      UID       PID    %usr %system  %guest   %wait    %CPU   CPU  Command
07:24:23     1000       677    0.1%    0.0%    0.0%    0.0%    0.1%     1  node bin/app.js

07:24:13      UID       PID  minflt/s  majflt/s     VSZ     RSS   %MEM  Command
07:24:23     1000       677      6.60      0.00  580.5M   47.7M   4.9%  node bin/app.js

07:24:23      UID       PID    %usr %system  %guest   %wait    %CPU   CPU  Command
07:24:33     1000       677    0.1%    0.1%    0.0%    0.1%    0.2%     0  node bin/app.js

07:24:23      UID       PID  minflt/s  majflt/s     VSZ     RSS   %MEM  Command
07:24:33     1000       677      8.10      0.00  580.5M   47.8M   4.9%  node bin/app.js

07:24:33      UID       PID    %usr %system  %guest   %wait    %CPU   CPU  Command
07:24:43     1000       677    0.1%    0.0%    0.0%    0.0%    0.1%     0  node bin/app.js

07:24:33      UID       PID  minflt/s  majflt/s     VSZ     RSS   %MEM  Command
07:24:43     1000       677     27.10      0.00  580.5M   47.9M   4.9%  node bin/app.js

07:24:43      UID       PID    %usr %system  %guest   %wait    %CPU   CPU  Command
07:24:53     1000       677    0.0%    0.0%    0.0%    0.0%    0.0%     1  node bin/app.js

07:24:43      UID       PID  minflt/s  majflt/s     VSZ     RSS   %MEM  Command
07:24:53     1000       677      4.40      0.00  580.5M   47.9M   4.9%  node bin/app.js

07:24:53      UID       PID    %usr %system  %guest   %wait    %CPU   CPU  Command
07:25:03     1000       677    0.1%    0.0%    0.0%    0.0%    0.1%     0  node bin/app.js

07:24:53      UID       PID  minflt/s  majflt/s     VSZ     RSS   %MEM  Command
07:25:03     1000       677      4.10      0.00  580.5M   47.9M   4.9%  node bin/app.js

07:25:03      UID       PID    %usr %system  %guest   %wait    %CPU   CPU  Command
07:25:13     1000       677    0.0%    0.0%    0.0%    0.0%    0.0%     0  node bin/app.js

07:25:03      UID       PID  minflt/s  majflt/s     VSZ     RSS   %MEM  Command
07:25:13     1000       677      4.00      0.00  580.5M   47.9M   4.9%  node bin/app.js

07:25:13      UID       PID    %usr %system  %guest   %wait    %CPU   CPU  Command
07:25:23     1000       677    0.1%    0.0%    0.0%    0.0%    0.1%     1  node bin/app.js

07:25:13      UID       PID  minflt/s  majflt/s     VSZ     RSS   %MEM  Command
07:25:23     1000       677      3.80      0.00  580.5M   47.9M   4.9%  node bin/app.js

07:25:23      UID       PID    %usr %system  %guest   %wait    %CPU   CPU  Command
07:25:33     1000       677    0.0%    0.1%    0.0%    0.0%    0.1%     1  node bin/app.js

07:25:23      UID       PID  minflt/s  majflt/s     VSZ     RSS   %MEM  Command
07:25:33     1000       677      6.00      0.00  580.5M   47.9M   4.9%  node bin/app.js

07:25:33      UID       PID    %usr %system  %guest   %wait    %CPU   CPU  Command
07:25:43     1000       677    0.0%    0.0%    0.0%    0.0%    0.0%     1  node bin/app.js

07:25:33      UID       PID  minflt/s  majflt/s     VSZ     RSS   %MEM  Command
07:25:43     1000       677      3.60      0.00  580.5M   47.9M   4.9%  node bin/app.js

07:25:43      UID       PID    %usr %system  %guest   %wait    %CPU   CPU  Command
07:25:53     1000       677    0.1%    0.0%    0.0%    0.0%    0.1%     1  node bin/app.js

07:25:43      UID       PID  minflt/s  majflt/s     VSZ     RSS   %MEM  Command
07:25:53     1000       677      3.20      0.00  580.5M   47.9M   4.9%  node bin/app.js

07:25:53      UID       PID    %usr %system  %guest   %wait    %CPU   CPU  Command
07:26:03     1000       677    0.0%    0.0%    0.0%    0.0%    0.0%     1  node bin/app.js

07:25:53      UID       PID  minflt/s  majflt/s     VSZ     RSS   %MEM  Command
07:26:03     1000       677      3.20      0.00  580.5M   47.9M   4.9%  node bin/app.js

07:26:03      UID       PID    %usr %system  %guest   %wait    %CPU   CPU  Command
07:26:13     1000       677    0.1%    0.0%    0.0%    0.0%    0.1%     0  node bin/app.js

07:26:03      UID       PID  minflt/s  majflt/s     VSZ     RSS   %MEM  Command
07:26:13     1000       677      3.20      0.00  580.5M   47.9M   4.9%  node bin/app.js

07:26:13      UID       PID    %usr %system  %guest   %wait    %CPU   CPU  Command
07:26:23     1000       677    0.0%    0.0%    0.0%    0.0%    0.0%     1  node bin/app.js

07:26:13      UID       PID  minflt/s  majflt/s     VSZ     RSS   %MEM  Command
07:26:23     1000       677      2.90      0.00  580.5M   47.9M   4.9%  node bin/app.js

07:26:23      UID       PID    %usr %system  %guest   %wait    %CPU   CPU  Command
07:26:33     1000       677    0.0%    0.0%    0.0%    0.0%    0.0%     0  node bin/app.js

07:26:23      UID       PID  minflt/s  majflt/s     VSZ     RSS   %MEM  Command
07:26:33     1000       677      2.60      0.00  580.5M   47.9M   4.9%  node bin/app.js

07:26:33      UID       PID    %usr %system  %guest   %wait    %CPU   CPU  Command
07:26:43     1000       677    0.1%    0.0%    0.0%    0.0%    0.1%     1  node bin/app.js

07:26:33      UID       PID  minflt/s  majflt/s     VSZ     RSS   %MEM  Command
07:26:43     1000       677      2.80      0.00  580.5M   47.9M   4.9%  node bin/app.js

07:26:43      UID       PID    %usr %system  %guest   %wait    %CPU   CPU  Command
07:26:53     1000       677    0.0%    0.0%    0.0%    0.0%    0.0%     1  node bin/app.js

07:26:43      UID       PID  minflt/s  majflt/s     VSZ     RSS   %MEM  Command
07:26:53     1000       677      2.60      0.00  580.5M   47.9M   4.9%  node bin/app.js

07:26:53      UID       PID    %usr %system  %guest   %wait    %CPU   CPU  Command
07:27:03     1000       677    0.0%    0.0%    0.0%    0.0%    0.0%     1  node bin/app.js

07:26:53      UID       PID  minflt/s  majflt/s     VSZ     RSS   %MEM  Command
07:27:03     1000       677      4.30      0.00  580.5M   47.9M   4.9%  node bin/app.js

07:27:03      UID       PID    %usr %system  %guest   %wait    %CPU   CPU  Command
07:27:13     1000       677    0.1%    0.0%    0.0%    0.0%    0.1%     1  node bin/app.js

07:27:03      UID       PID  minflt/s  majflt/s     VSZ     RSS   %MEM  Command
07:27:13     1000       677      2.10      0.00  580.5M   47.9M   4.9%  node bin/app.js

07:27:13      UID       PID    %usr %system  %guest   %wait    %CPU   CPU  Command
07:27:23     1000       677    0.0%    0.0%    0.0%    0.0%    0.0%     0  node bin/app.js

07:27:13      UID       PID  minflt/s  majflt/s     VSZ     RSS   %MEM  Command
07:27:23     1000       677      1.80      0.00  580.5M   47.9M   4.9%  node bin/app.js

07:27:23      UID       PID    %usr %system  %guest   %wait    %CPU   CPU  Command
07:27:33     1000       677    0.0%    0.0%    0.0%    0.0%    0.0%     0  node bin/app.js

07:27:23      UID       PID  minflt/s  majflt/s     VSZ     RSS   %MEM  Command
07:27:33     1000       677      1.90      0.00  580.5M   47.9M   4.9%  node bin/app.js

07:27:33      UID       PID    %usr %system  %guest   %wait    %CPU   CPU  Command
07:27:43     1000       677    0.1%    0.0%    0.0%    0.0%    0.1%     0  node bin/app.js

07:27:33      UID       PID  minflt/s  majflt/s     VSZ     RSS   %MEM  Command
07:27:43     1000       677      1.70      0.00  580.5M   47.9M   4.9%  node bin/app.js

07:27:43      UID       PID    %usr %system  %guest   %wait    %CPU   CPU  Command
07:27:53     1000       677    0.0%    0.0%    0.0%    0.0%    0.0%     1  node bin/app.js

07:27:43      UID       PID  minflt/s  majflt/s     VSZ     RSS   %MEM  Command
07:27:53     1000       677      1.40      0.00  580.5M   47.9M   4.9%  node bin/app.js

07:27:53      UID       PID    %usr %system  %guest   %wait    %CPU   CPU  Command
07:28:03     1000       677    0.0%    0.0%    0.0%    0.0%    0.0%     0  node bin/app.js

07:27:53      UID       PID  minflt/s  majflt/s     VSZ     RSS   %MEM  Command
07:28:03     1000       677      1.40      0.00  580.5M   47.9M   4.9%  node bin/app.js

07:28:03      UID       PID    %usr %system  %guest   %wait    %CPU   CPU  Command
07:28:13     1000       677    0.0%    0.1%    0.0%    0.0%    0.1%     1  node bin/app.js

07:28:03      UID       PID  minflt/s  majflt/s     VSZ     RSS   %MEM  Command
07:28:13     1000       677      1.60      0.00  580.5M   47.9M   4.9%  node bin/app.js

07:28:13      UID       PID    %usr %system  %guest   %wait    %CPU   CPU  Command
07:28:23     1000       677    0.1%    0.0%    0.0%    0.0%    0.1%     0  node bin/app.js

07:28:13      UID       PID  minflt/s  majflt/s     VSZ     RSS   %MEM  Command
07:28:23     1000       677      1.10      0.00  580.5M   47.9M   4.9%  node bin/app.js

07:28:23      UID       PID    %usr %system  %guest   %wait    %CPU   CPU  Command
07:28:33     1000       677    0.0%    0.0%    0.0%    0.0%    0.0%     0  node bin/app.js

07:28:23      UID       PID  minflt/s  majflt/s     VSZ     RSS   %MEM  Command
07:28:33     1000       677      0.10      0.00  580.5M   47.9M   4.9%  node bin/app.js

07:28:33      UID       PID    %usr %system  %guest   %wait    %CPU   CPU  Command
07:28:43     1000       677    0.0%    0.0%    0.0%    0.0%    0.0%     0  node bin/app.js

07:28:33      UID       PID  minflt/s  majflt/s     VSZ     RSS   %MEM  Command
07:28:43     1000       677      0.10      0.00  580.5M   47.9M   4.9%  node bin/app.js

07:28:43      UID       PID    %usr %system  %guest   %wait    %CPU   CPU  Command
07:28:53     1000       677    0.0%    0.0%    0.0%    0.0%    0.0%     0  node bin/app.js

07:28:43      UID       PID  minflt/s  majflt/s     VSZ     RSS   %MEM  Command
07:28:53     1000       677      0.10      0.00  580.5M   47.9M   4.9%  node bin/app.js

07:28:53      UID       PID    %usr %system  %guest   %wait    %CPU   CPU  Command
07:29:03     1000       677    0.0%    0.0%    0.0%    0.0%    0.0%     0  node bin/app.js

07:28:53      UID       PID  minflt/s  majflt/s     VSZ     RSS   %MEM  Command
07:29:03     1000       677      0.10      0.00  580.5M   47.9M   4.9%  node bin/app.js

07:29:03      UID       PID    %usr %system  %guest   %wait    %CPU   CPU  Command
07:29:13     1000       677    0.0%    0.0%    0.0%    0.0%    0.0%     0  node bin/app.js

07:29:03      UID       PID  minflt/s  majflt/s     VSZ     RSS   %MEM  Command
07:29:13     1000       677      0.00      0.00  580.5M   47.9M   4.9%  node bin/app.js

07:29:13      UID       PID    %usr %system  %guest   %wait    %CPU   CPU  Command
07:29:23     1000       677    0.0%    0.0%    0.0%    0.0%    0.0%     0  node bin/app.js

07:29:13      UID       PID  minflt/s  majflt/s     VSZ     RSS   %MEM  Command
07:29:23     1000       677      0.10      0.00  580.5M   47.9M   4.9%  node bin/app.js

07:29:23      UID       PID    %usr %system  %guest   %wait    %CPU   CPU  Command
07:29:33     1000       677    0.0%    0.0%    0.0%    0.0%    0.0%     0  node bin/app.js

07:29:23      UID       PID  minflt/s  majflt/s     VSZ     RSS   %MEM  Command
07:29:33     1000       677      0.10      0.00  580.5M   47.9M   4.9%  node bin/app.js

07:29:33      UID       PID    %usr %system  %guest   %wait    %CPU   CPU  Command
07:29:43     1000       677    0.0%    0.0%    0.0%    0.0%    0.0%     0  node bin/app.js

07:29:33      UID       PID  minflt/s  majflt/s     VSZ     RSS   %MEM  Command
07:29:43     1000       677      0.20      0.00  580.5M   47.9M   4.9%  node bin/app.js

07:29:43      UID       PID    %usr %system  %guest   %wait    %CPU   CPU  Command
07:29:53     1000       677    0.0%    0.0%    0.0%    0.0%    0.0%     0  node bin/app.js

07:29:43      UID       PID  minflt/s  majflt/s     VSZ     RSS   %MEM  Command
07:29:53     1000       677      0.10      0.00  580.5M   47.9M   4.9%  node bin/app.js

07:29:53      UID       PID    %usr %system  %guest   %wait    %CPU   CPU  Command
07:30:03     1000       677    0.0%    0.0%    0.0%    0.0%    0.0%     0  node bin/app.js

07:29:53      UID       PID  minflt/s  majflt/s     VSZ     RSS   %MEM  Command
07:30:03     1000       677      0.10      0.00  580.5M   47.9M   4.9%  node bin/app.js

07:30:03      UID       PID    %usr %system  %guest   %wait    %CPU   CPU  Command
07:30:13     1000       677    0.0%    0.0%    0.0%    0.0%    0.0%     0  node bin/app.js

07:30:03      UID       PID  minflt/s  majflt/s     VSZ     RSS   %MEM  Command
07:30:13     1000       677      0.10      0.00  580.5M   47.9M   4.9%  node bin/app.js

07:30:13      UID       PID    %usr %system  %guest   %wait    %CPU   CPU  Command
07:30:23     1000       677    0.0%    0.0%    0.0%    0.0%    0.0%     0  node bin/app.js

07:30:13      UID       PID  minflt/s  majflt/s     VSZ     RSS   %MEM  Command
07:30:23     1000       677      0.10      0.00  580.5M   47.9M   4.9%  node bin/app.js

07:30:23      UID       PID    %usr %system  %guest   %wait    %CPU   CPU  Command
07:30:33     1000       677    0.0%    0.0%    0.0%    0.0%    0.0%     0  node bin/app.js

07:30:23      UID       PID  minflt/s  majflt/s     VSZ     RSS   %MEM  Command
07:30:33     1000       677      0.10      0.00  580.5M   47.9M   4.9%  node bin/app.js

07:30:33      UID       PID    %usr %system  %guest   %wait    %CPU   CPU  Command
07:30:43     1000       677    0.0%    0.0%    0.0%    0.0%    0.0%     0  node bin/app.js

07:30:33      UID       PID  minflt/s  majflt/s     VSZ     RSS   %MEM  Command
07:30:43     1000       677      0.10      0.00  580.5M   47.9M   4.9%  node bin/app.js

07:30:43      UID       PID    %usr %system  %guest   %wait    %CPU   CPU  Command
07:30:53     1000       677    0.0%    0.0%    0.0%    0.0%    0.0%     0  node bin/app.js

07:30:43      UID       PID  minflt/s  majflt/s     VSZ     RSS   %MEM  Command
07:30:53     1000       677      0.00      0.00  580.5M   47.9M   4.9%  node bin/app.js

07:30:53      UID       PID    %usr %system  %guest   %wait    %CPU   CPU  Command
07:31:03     1000       677    0.0%    0.0%    0.0%    0.0%    0.0%     0  node bin/app.js

07:30:53      UID       PID  minflt/s  majflt/s     VSZ     RSS   %MEM  Command
07:31:03     1000       677      0.30      0.00  580.5M   47.9M   4.9%  node bin/app.js

07:31:03      UID       PID    %usr %system  %guest   %wait    %CPU   CPU  Command
07:31:13     1000       677    0.0%    0.0%    0.0%    0.0%    0.0%     0  node bin/app.js

07:31:03      UID       PID  minflt/s  majflt/s     VSZ     RSS   %MEM  Command
07:31:13     1000       677      0.10      0.00  580.5M   47.9M   4.9%  node bin/app.js

07:31:13      UID       PID    %usr %system  %guest   %wait    %CPU   CPU  Command
07:31:23     1000       677    0.0%    0.0%    0.0%    0.0%    0.0%     0  node bin/app.js

07:31:13      UID       PID  minflt/s  majflt/s     VSZ     RSS   %MEM  Command
07:31:23     1000       677      0.10      0.00  580.5M   47.9M   4.9%  node bin/app.js

07:31:23      UID       PID    %usr %system  %guest   %wait    %CPU   CPU  Command
07:31:33     1000       677    0.0%    0.0%    0.0%    0.0%    0.0%     0  node bin/app.js

07:31:23      UID       PID  minflt/s  majflt/s     VSZ     RSS   %MEM  Command
07:31:33     1000       677      0.10      0.00  580.5M   47.9M   4.9%  node bin/app.js

07:31:33      UID       PID    %usr %system  %guest   %wait    %CPU   CPU  Command
07:31:43     1000       677    0.0%    0.0%    0.0%    0.0%    0.0%     0  node bin/app.js

07:31:33      UID       PID  minflt/s  majflt/s     VSZ     RSS   %MEM  Command
07:31:43     1000       677      0.10      0.00  580.5M   47.9M   4.9%  node bin/app.js

07:31:43      UID       PID    %usr %system  %guest   %wait    %CPU   CPU  Command
07:31:53     1000       677    0.0%    0.0%    0.0%    0.0%    0.0%     0  node bin/app.js

07:31:43      UID       PID  minflt/s  majflt/s     VSZ     RSS   %MEM  Command
07:31:53     1000       677      0.10      0.00  580.5M   47.9M   4.9%  node bin/app.js

07:31:53      UID       PID    %usr %system  %guest   %wait    %CPU   CPU  Command
07:32:03     1000       677    0.0%    0.0%    0.0%    0.0%    0.0%     0  node bin/app.js

07:31:53      UID       PID  minflt/s  majflt/s     VSZ     RSS   %MEM  Command
07:32:03     1000       677      0.10      0.00  580.5M   47.9M   4.9%  node bin/app.js

07:32:03      UID       PID    %usr %system  %guest   %wait    %CPU   CPU  Command
07:32:13     1000       677    0.0%    0.0%    0.0%    0.0%    0.0%     0  node bin/app.js

07:32:03      UID       PID  minflt/s  majflt/s     VSZ     RSS   %MEM  Command
07:32:13     1000       677      0.10      0.00  580.5M   47.9M   4.9%  node bin/app.js

07:32:13      UID       PID    %usr %system  %guest   %wait    %CPU   CPU  Command
07:32:23     1000       677    0.0%    0.0%    0.0%    0.0%    0.0%     0  node bin/app.js

07:32:13      UID       PID  minflt/s  majflt/s     VSZ     RSS   %MEM  Command
07:32:23     1000       677      0.00      0.00  580.5M   47.9M   4.9%  node bin/app.js

07:32:23      UID       PID    %usr %system  %guest   %wait    %CPU   CPU  Command
07:32:33     1000       677    0.0%    0.0%    0.0%    0.0%    0.0%     0  node bin/app.js

07:32:23      UID       PID  minflt/s  majflt/s     VSZ     RSS   %MEM  Command
07:32:33     1000       677      0.10      0.00  580.5M   47.9M   4.9%  node bin/app.js

07:32:33      UID       PID    %usr %system  %guest   %wait    %CPU   CPU  Command
07:32:43     1000       677    0.0%    0.0%    0.0%    0.0%    0.0%     0  node bin/app.js

07:32:33      UID       PID  minflt/s  majflt/s     VSZ     RSS   %MEM  Command
07:32:43     1000       677      0.10      0.00  580.5M   47.9M   4.9%  node bin/app.js

07:32:43      UID       PID    %usr %system  %guest   %wait    %CPU   CPU  Command
07:32:53     1000       677    0.0%    0.0%    0.0%    0.0%    0.0%     0  node bin/app.js

07:32:43      UID       PID  minflt/s  majflt/s     VSZ     RSS   %MEM  Command
07:32:53     1000       677      0.10      0.00  580.5M   47.9M   4.9%  node bin/app.js

Average:      UID       PID    %usr %system  %guest   %wait    %CPU   CPU  Command
Average:     1000       677    0.1%    0.0%    0.0%    0.0%    0.1%     -  node bin/app.js

Average:      UID       PID  minflt/s  majflt/s     VSZ     RSS   %MEM  Command
Average:     1000       677     10.91      0.00  579.4M   46.3M   4.7%  node bin/app.js
